I, [2021-04-27T14:58:47.239785 #23239]  INFO -- : Registered expected interaction GET /path?param1=556&param2=abc
D, [2021-04-27T14:58:47.240061 #23239] DEBUG -- : {
  "description": "name of test case",
  "providerState": "some state",
  "request": {
    "method": "GET",
    "path": "/path",
    "query": {
      "param1": [
        "556"
      ],
      "param2": [
        "abc"
      ]
    },
    "headers": {
      "Authorization": "Bearer user.token.string",
      "Content-Type": "application/json"
    }
  },
  "response": {
    "status": 200,
    "headers": {
      "Context-Type": "application/json"
    }
  },
  "metadata": null
}
I, [2021-04-27T14:58:47.242358 #23239]  INFO -- : Received request GET /path?param1=556&param2=abc
D, [2021-04-27T14:58:47.242448 #23239] DEBUG -- : {
  "path": "/path",
  "query": "param1=556&param2=abc",
  "method": "get",
  "headers": {
    "Content-Type": "application/json",
    "Host": "127.0.0.1:64672",
    "User-Agent": "Go-http-client/1.1",
    "Authorization": "Bearer user.token.string",
    "Accept-Encoding": "gzip",
    "Version": "HTTP/1.1"
  }
}
I, [2021-04-27T14:58:47.242819 #23239]  INFO -- : Found matching response for GET /path?param1=556&param2=abc
D, [2021-04-27T14:58:47.242929 #23239] DEBUG -- : {
  "status": 200,
  "headers": {
    "Context-Type": "application/json"
  }
}
I, [2021-04-27T14:58:47.245025 #23239]  INFO -- : Verifying - interactions matched
I, [2021-04-27T14:58:47.246912 #23239]  INFO -- : Cleared interactions
